<?xml version="1.0" encoding="UTF-8"?>
<!-- Generated by org.testng.reporters.JUnitReportReporter -->
<testsuite hostname="DESKTOP-KO6OCH7" failures="0" tests="1" name="testJenkins.TestJenkins" time="0.014" errors="0" timestamp="2023-07-13T10:29:40 IST" skipped="0">
  <testcase classname="testJenkins.TestJenkins" name="m" time="0.014"/>
  <system-out/>
</testsuite> <!-- testJenkins.TestJenkins -->
